<?xml version="1.0" encoding="UTF-8"?>
<testsuite xmlns:xsi="http://www.w3.org/2001/XMLSchema-instance" xsi:noNamespaceSchemaLocation="https://maven.apache.org/surefire/maven-surefire-plugin/xsd/surefire-test-report-3.0.xsd" version="3.0" name="com.weatherapp.service.DatabaseServiceTest" time="0.404" tests="2" errors="0" skipped="0" failures="0">
  <properties>
[...]
</properties>
  <testcase name="testGetHistoricalData" classname="com.weatherapp.service.DatabaseServiceTest" time="0.059">
    <system-out><![CDATA[20:25:24.231 [main] DEBUG org.mongodb.driver.cluster -- Updating cluster description to  {type=UNKNOWN, servers=[{address=localhost:27017, type=UNKNOWN, state=CONNECTING}]
20:25:24.249 [main] INFO org.mongodb.driver.client -- MongoClient with metadata {"driver": {"name": "mongo-java-driver|sync", "version": "4.9.1"}, "os": {"type": "Windows", "name": "Windows 11", "architecture": "amd64", "version": "10.0"}, "platform": "Java/Oracle Corporation/23.0.1+11-39"} created with settings MongoClientSettings{readPreference=primary, writeConcern=WriteConcern{w=null, wTimeout=null ms, journal=null}, retryWrites=true, retryReads=true, readConcern=ReadConcern{level=null}, credential=null, streamFactoryFactory=null, commandListeners=[], codecRegistry=ProvidersCodecRegistry{codecProviders=[ValueCodecProvider{}, BsonValueCodecProvider{}, DBRefCodecProvider{}, DBObjectCodecProvider{}, DocumentCodecProvider{}, CollectionCodecProvider{}, IterableCodecProvider{}, MapCodecProvider{}, GeoJsonCodecProvider{}, GridFSFileCodecProvider{}, Jsr310CodecProvider{}, JsonObjectCodecProvider{}, BsonCodecProvider{}, EnumCodecProvider{}, com.mongodb.client.model.mql.ExpressionCodecProvider@62833051, com.mongodb.Jep395RecordCodecProvider@1c852c0f]}, loggerSettings=LoggerSettings{maxDocumentLength=1000}, clusterSettings={hosts=[localhost:27017], srvServiceName=mongodb, mode=SINGLE, requiredClusterType=UNKNOWN, requiredReplicaSetName='null', serverSelector='null', clusterListeners='[]', serverSelectionTimeout='30000 ms', localThreshold='30000 ms'}, socketSettings=SocketSettings{connectTimeoutMS=10000, readTimeoutMS=0, receiveBufferSize=0, sendBufferSize=0}, heartbeatSocketSettings=SocketSettings{connectTimeoutMS=10000, readTimeoutMS=10000, receiveBufferSize=0, sendBufferSize=0}, connectionPoolSettings=ConnectionPoolSettings{maxSize=100, minSize=0, maxWaitTimeMS=120000, maxConnectionLifeTimeMS=0, maxConnectionIdleTimeMS=0, maintenanceInitialDelayMS=0, maintenanceFrequencyMS=60000, connectionPoolListeners=[], maxConnecting=2}, serverSettings=ServerSettings{heartbeatFrequencyMS=10000, minHeartbeatFrequencyMS=500, serverListeners='[]', serverMonitorListeners='[]'}, sslSettings=SslSettings{enabled=false, invalidHostNameAllowed=false, context=null}, applicationName='null', compressorList=[], uuidRepresentation=UNSPECIFIED, serverApi=null, autoEncryptionSettings=null, contextProvider=null}
20:25:24.276 [main] INFO org.mongodb.driver.cluster -- Cluster description not yet available. Waiting for 30000 ms before timing out
20:25:24.276 [cluster-rtt-ClusterId{value='671d02dc1c3f7167c7c0ac19', description='null'}-localhost:27017] DEBUG org.mongodb.driver.connection -- Opened connection [connectionId{localValue:1, serverValue:8}] to localhost:27017
20:25:24.276 [cluster-ClusterId{value='671d02dc1c3f7167c7c0ac19', description='null'}-localhost:27017] DEBUG org.mongodb.driver.connection -- Opened connection [connectionId{localValue:2, serverValue:7}] to localhost:27017
20:25:24.277 [cluster-ClusterId{value='671d02dc1c3f7167c7c0ac19', description='null'}-localhost:27017] INFO org.mongodb.driver.cluster -- Monitor thread successfully connected to server with description ServerDescription{address=localhost:27017, type=STANDALONE, state=CONNECTED, ok=true, minWireVersion=0, maxWireVersion=25, maxDocumentSize=16777216, logicalSessionTimeoutMinutes=30, roundTripTimeNanos=24149900}
20:25:24.278 [cluster-ClusterId{value='671d02dc1c3f7167c7c0ac19', description='null'}-localhost:27017] DEBUG org.mongodb.driver.connection -- Marking the connection pool for ServerId{clusterId=ClusterId{value='671d02dc1c3f7167c7c0ac19', description='null'}, address=localhost:27017} as 'ready'
20:25:24.279 [MaintenanceTimer-2-thread-1] DEBUG org.mongodb.driver.connection -- Pruning pooled connections to localhost:27017
20:25:24.281 [cluster-ClusterId{value='671d02dc1c3f7167c7c0ac19', description='null'}-localhost:27017] DEBUG org.mongodb.driver.cluster -- Updating cluster description to  {type=STANDALONE, servers=[{address=localhost:27017, type=STANDALONE, roundTripTime=24.1 ms, state=CONNECTED}]
20:25:24.281 [cluster-ClusterId{value='671d02dc1c3f7167c7c0ac19', description='null'}-localhost:27017] DEBUG org.mongodb.driver.cluster -- Checking status of localhost:27017
20:25:24.301 [main] DEBUG org.mongodb.driver.connection -- Opened connection [connectionId{localValue:3, serverValue:9}] to localhost:27017
20:25:24.302 [main] DEBUG org.mongodb.driver.operation -- retryWrites set to true but the server is a standalone server.
20:25:24.304 [main] DEBUG org.mongodb.driver.operation -- retryWrites set to true but the server is a standalone server.
20:25:24.316 [main] DEBUG org.mongodb.driver.protocol.command -- Command "delete" started on database weatherDB using a connection with driver-generated ID 3 and server-generated ID 9 to localhost:27017. The request ID is 5. Command: {"delete": "weatherData", "ordered": true, "$db": "weatherDB", "lsid": {"id": {"$binary": {"base64": "/PYFAY4GSUKaoYx26lz2/w==", "subType": "04"}}}, "deletes": [{"q": {}, "limit": 0}]}
20:25:24.319 [main] DEBUG org.mongodb.driver.protocol.command -- Command "delete" succeeded in 7.31 ms using a connection with driver-generated ID 3 and server-generated ID 9 to localhost:27017. The request ID is 5. Command reply: {"n": 0, "ok": 1.0}
20:25:24.337 [main] DEBUG org.mongodb.driver.operation -- retryWrites set to true but the server is a standalone server.
20:25:24.337 [main] DEBUG org.mongodb.driver.operation -- retryWrites set to true but the server is a standalone server.
20:25:24.347 [main] DEBUG org.mongodb.driver.protocol.command -- Command "insert" started on database weatherDB using a connection with driver-generated ID 3 and server-generated ID 9 to localhost:27017. The request ID is 6. Command: {"insert": "weatherData", "ordered": true, "$db": "weatherDB", "lsid": {"id": {"$binary": {"base64": "/PYFAY4GSUKaoYx26lz2/w==", "subType": "04"}}}, "documents": [{"_id": {"$oid": "671d02dc1c3f7167c7c0ac1a"}, "city": "TestCity", "temperature": 20.0, "humidity": 55.0, "windSpeed": 8.0, "timestamp": 1729950924335}]}
20:25:24.349 [main] DEBUG org.mongodb.driver.protocol.command -- Command "insert" succeeded in 3.15 ms using a connection with driver-generated ID 3 and server-generated ID 9 to localhost:27017. The request ID is 6. Command reply: {"n": 1, "ok": 1.0}
20:25:24.351 [main] DEBUG org.mongodb.driver.operation -- retryWrites set to true but the server is a standalone server.
20:25:24.351 [main] DEBUG org.mongodb.driver.operation -- retryWrites set to true but the server is a standalone server.
20:25:24.352 [main] DEBUG org.mongodb.driver.protocol.command -- Command "insert" started on database weatherDB using a connection with driver-generated ID 3 and server-generated ID 9 to localhost:27017. The request ID is 7. Command: {"insert": "weatherData", "ordered": true, "$db": "weatherDB", "lsid": {"id": {"$binary": {"base64": "/PYFAY4GSUKaoYx26lz2/w==", "subType": "04"}}}, "documents": [{"_id": {"$oid": "671d02dc1c3f7167c7c0ac1b"}, "city": "TestCity", "temperature": 22.0, "humidity": 58.0, "windSpeed": 9.0, "timestamp": 1729954524335}]}
20:25:24.353 [main] DEBUG org.mongodb.driver.protocol.command -- Command "insert" succeeded in 1.81 ms using a connection with driver-generated ID 3 and server-generated ID 9 to localhost:27017. The request ID is 7. Command reply: {"n": 1, "ok": 1.0}
20:25:24.365 [main] DEBUG org.mongodb.driver.protocol.command -- Command "find" started on database weatherDB using a connection with driver-generated ID 3 and server-generated ID 9 to localhost:27017. The request ID is 8. Command: {"find": "weatherData", "filter": {"city": "TestCity", "timestamp": {"$gte": 1729947324335, "$lte": 1729958124335}}, "sort": {"timestamp": 1}, "$db": "weatherDB", "lsid": {"id": {"$binary": {"base64": "/PYFAY4GSUKaoYx26lz2/w==", "subType": "04"}}}}
20:25:24.368 [main] DEBUG org.mongodb.driver.protocol.command -- Command "find" succeeded in 2.54 ms using a connection with driver-generated ID 3 and server-generated ID 9 to localhost:27017. The request ID is 8. Command reply: {"cursor": {"firstBatch": [{"_id": {"$oid": "671d02dc1c3f7167c7c0ac1a"}, "city": "TestCity", "temperature": 20.0, "humidity": 55.0, "windSpeed": 8.0, "timestamp": 1729950924335}, {"_id": {"$oid": "671d02dc1c3f7167c7c0ac1b"}, "city": "TestCity", "temperature": 22.0, "humidity": 58.0, "windSpeed": 9.0, "timestamp": 1729954524335}], "id": 0, "ns": "weatherDB.weatherData"}, "ok": 1.0}
20:25:24.371 [main] DEBUG org.mongodb.driver.operation -- Received batch of 2 documents with cursorId 0 from server localhost:27017
]]></system-out>
  </testcase>
  <testcase name="testSaveAndRetrieveWeatherData" classname="com.weatherapp.service.DatabaseServiceTest" time="0.013">
    <system-out><![CDATA[20:25:24.392 [main] DEBUG org.mongodb.driver.operation -- retryWrites set to true but the server is a standalone server.
20:25:24.392 [main] DEBUG org.mongodb.driver.operation -- retryWrites set to true but the server is a standalone server.
20:25:24.394 [main] DEBUG org.mongodb.driver.protocol.command -- Command "insert" started on database weatherDB using a connection with driver-generated ID 3 and server-generated ID 9 to localhost:27017. The request ID is 9. Command: {"insert": "weatherData", "ordered": true, "$db": "weatherDB", "lsid": {"id": {"$binary": {"base64": "/PYFAY4GSUKaoYx26lz2/w==", "subType": "04"}}}, "documents": [{"_id": {"$oid": "671d02dc1c3f7167c7c0ac1c"}, "city": "TestCity", "temperature": 25.5, "humidity": 60.0, "windSpeed": 10.0, "timestamp": 1729954524392}]}
20:25:24.396 [main] DEBUG org.mongodb.driver.protocol.command -- Command "insert" succeeded in 2.43 ms using a connection with driver-generated ID 3 and server-generated ID 9 to localhost:27017. The request ID is 9. Command reply: {"n": 1, "ok": 1.0}
20:25:24.397 [main] DEBUG org.mongodb.driver.protocol.command -- Command "find" started on database weatherDB using a connection with driver-generated ID 3 and server-generated ID 9 to localhost:27017. The request ID is 10. Command: {"find": "weatherData", "filter": {"city": "TestCity"}, "sort": {"timestamp": -1}, "limit": 1, "singleBatch": true, "$db": "weatherDB", "lsid": {"id": {"$binary": {"base64": "/PYFAY4GSUKaoYx26lz2/w==", "subType": "04"}}}}
20:25:24.399 [main] DEBUG org.mongodb.driver.protocol.command -- Command "find" succeeded in 1.74 ms using a connection with driver-generated ID 3 and server-generated ID 9 to localhost:27017. The request ID is 10. Command reply: {"cursor": {"firstBatch": [{"_id": {"$oid": "671d02dc1c3f7167c7c0ac1c"}, "city": "TestCity", "temperature": 25.5, "humidity": 60.0, "windSpeed": 10.0, "timestamp": 1729954524392}], "id": 0, "ns": "weatherDB.weatherData"}, "ok": 1.0}
20:25:24.399 [main] DEBUG org.mongodb.driver.operation -- Received batch of 1 documents with cursorId 0 from server localhost:27017
]]></system-out>
  </testcase>
</testsuite>